Unity Editor version:    2021.3.13f1 (9e7d58001ecf)
Branch:                  2021.3/staging
Build type:              Release
Batch mode:              YES
macOS version:           Version 13.2.1 (Build 22D68)
Darwin version:          22.3.0
Architecture:            x86_64
Running under Rosetta:   NO
Available memory:        32768 MB
Using pre-set license
Pro License: YES

COMMAND LINE ARGUMENTS:
/Applications/Unity/Hub/Editor/2021.3.13f1/Unity.app/Contents/MacOS/Unity
-adb2
-batchMode
-noUpm
-name
AssetImportWorker1
-projectPath
/Users/mathewsin/Documents/GitRepository/tech-test
-logFile
Logs/AssetImportWorker1.log
-srvPort
59844
Successfully changed project path to: /Users/mathewsin/Documents/GitRepository/tech-test
/Users/mathewsin/Documents/GitRepository/tech-test
[UnityMemory] Configuration Parameters - Can be set up in boot.config
    "memorysetup-bucket-allocator-granularity=16"
    "memorysetup-bucket-allocator-bucket-count=8"
    "memorysetup-bucket-allocator-block-size=33554432"
    "memorysetup-bucket-allocator-block-count=8"
    "memorysetup-main-allocator-block-size=16777216"
    "memorysetup-thread-allocator-block-size=16777216"
    "memorysetup-gfx-main-allocator-block-size=16777216"
    "memorysetup-gfx-thread-allocator-block-size=16777216"
    "memorysetup-cache-allocator-block-size=4194304"
    "memorysetup-typetree-allocator-block-size=2097152"
    "memorysetup-profiler-bucket-allocator-granularity=16"
    "memorysetup-profiler-bucket-allocator-bucket-count=8"
    "memorysetup-profiler-bucket-allocator-block-size=33554432"
    "memorysetup-profiler-bucket-allocator-block-count=8"
    "memorysetup-profiler-allocator-block-size=16777216"
    "memorysetup-profiler-editor-allocator-block-size=1048576"
    "memorysetup-temp-allocator-size-main=16777216"
    "memorysetup-job-temp-allocator-block-size=2097152"
    "memorysetup-job-temp-allocator-block-size-background=1048576"
    "memorysetup-job-temp-allocator-reduction-small-platforms=262144"
    "memorysetup-temp-allocator-size-background-worker=32768"
    "memorysetup-temp-allocator-size-job-worker=262144"
    "memorysetup-temp-allocator-size-preload-manager=33554432"
    "memorysetup-temp-allocator-size-nav-mesh-worker=65536"
    "memorysetup-temp-allocator-size-audio-worker=65536"
    "memorysetup-temp-allocator-size-cloud-worker=32768"
    "memorysetup-temp-allocator-size-gi-baking-worker=262144"
    "memorysetup-temp-allocator-size-gfx=262144"
Refreshing native plugins compatible for Editor in 100.33 ms, found 2 plugins.
Preloading 0 native plugins for Editor in 0.00 ms.
Initialize engine version: 2021.3.13f1 (9e7d58001ecf)
[Subsystems] Discovering subsystems at path /Applications/Unity/Hub/Editor/2021.3.13f1/Unity.app/Contents/Resources/UnitySubsystems
[Subsystems] Discovering subsystems at path /Users/mathewsin/Documents/GitRepository/tech-test/Assets
GfxDevice: creating device client; threaded=0; jobified=0
Color LCD preferred device: AMD Radeon Pro 5300M (high power)
Metal devices available: 2
0: AMD Radeon Pro 5300M (high power)
1: Intel(R) UHD Graphics 630 (low power)
Using device AMD Radeon Pro 5300M (high power)
Initializing Metal device caps: AMD Radeon Pro 5300M
Initialize mono
Mono path[0] = '/Applications/Unity/Hub/Editor/2021.3.13f1/Unity.app/Contents/Managed'
Mono path[1] = '/Applications/Unity/Hub/Editor/2021.3.13f1/Unity.app/Contents/MonoBleedingEdge/lib/mono/unityjit-macos'
Mono config path = '/Applications/Unity/Hub/Editor/2021.3.13f1/Unity.app/Contents/MonoBleedingEdge/etc'
Using monoOptions --debugger-agent=transport=dt_socket,embedding=1,server=y,suspend=n,address=127.0.0.1:56531
Begin MonoManager ReloadAssembly
Registering precompiled unity dll's ...
Register platform support module: /Applications/Unity/Hub/Editor/2021.3.13f1/PlaybackEngines/WebGLSupport/UnityEditor.WebGL.Extensions.dll
Register platform support module: /Applications/Unity/Hub/Editor/2021.3.13f1/Unity.app/Contents/PlaybackEngines/MacStandaloneSupport/UnityEditor.OSXStandalone.Extensions.dll
Register platform support module: /Applications/Unity/Hub/Editor/2021.3.13f1/PlaybackEngines/AndroidPlayer/UnityEditor.Android.Extensions.dll
Register platform support module: /Applications/Unity/Hub/Editor/2021.3.13f1/PlaybackEngines/iOSSupport/UnityEditor.iOS.Extensions.dll
Registered in 0.001438 seconds.
[usbmuxd] Start listen thread
[usbmuxd] Listen thread started
[usbmuxd] Send listen message
Native extension for iOS target not found
Native extension for Android target not found
Native extension for OSXStandalone target not found
Native extension for WebGL target not found
Refreshing native plugins compatible for Editor in 95.34 ms, found 2 plugins.
Preloading 0 native plugins for Editor in 0.00 ms.
Mono: successfully reloaded assembly
- Completed reload, in  0.866 seconds
Domain Reload Profiling:
	ReloadAssembly (866ms)
		BeginReloadAssembly (70ms)
			ExecutionOrderSort (0ms)
			DisableScriptedObjects (0ms)
			BackupInstance (0ms)
			ReleaseScriptingObjects (0ms)
			CreateAndSetChildDomain (1ms)
		EndReloadAssembly (674ms)
			LoadAssemblies (70ms)
			RebuildTransferFunctionScriptingTraits (0ms)
			SetupTypeCache (154ms)
			ReleaseScriptCaches (0ms)
			RebuildScriptCaches (40ms)
			SetupLoadedEditorAssemblies (418ms)
				LogAssemblyErrors (0ms)
				InitializePlatformSupportModulesInManaged (147ms)
				SetLoadedEditorAssemblies (0ms)
				RefreshPlugins (95ms)
				BeforeProcessingInitializeOnLoad (2ms)
				ProcessInitializeOnLoadAttributes (110ms)
				ProcessInitializeOnLoadMethodAttributes (64ms)
				AfterProcessingInitializeOnLoad (0ms)
				EditorAssembliesLoaded (0ms)
			ExecutionOrderSort2 (0ms)
			AwakeInstancesAfterBackupRestoration (0ms)
Platform modules already initialized, skipping
Registering precompiled user dll's ...
Registered in 0.003886 seconds.
Begin MonoManager ReloadAssembly
Symbol file LoadedFromMemory doesn't match image /Users/mathewsin/Documents/GitRepository/tech-test/Library/PackageCache/com.unity.visualscripting@1.7.8/Editor/VisualScripting.Core/Dependencies/YamlDotNet/Unity.VisualScripting.YamlDotNet.dll
Symbol file LoadedFromMemory doesn't match image /Users/mathewsin/Documents/GitRepository/tech-test/Library/PackageCache/com.unity.visualscripting@1.7.8/Editor/VisualScripting.Core/Dependencies/DotNetZip/Unity.VisualScripting.IonicZip.dll
Native extension for iOS target not found
Native extension for Android target not found
Native extension for OSXStandalone target not found
Native extension for WebGL target not found
Refreshing native plugins compatible for Editor in 0.73 ms, found 2 plugins.
Preloading 0 native plugins for Editor in 0.00 ms.
Mono: successfully reloaded assembly
- Completed reload, in  1.463 seconds
Domain Reload Profiling:
	ReloadAssembly (1464ms)
		BeginReloadAssembly (232ms)
			ExecutionOrderSort (0ms)
			DisableScriptedObjects (7ms)
			BackupInstance (0ms)
			ReleaseScriptingObjects (0ms)
			CreateAndSetChildDomain (140ms)
		EndReloadAssembly (1096ms)
			LoadAssemblies (85ms)
			RebuildTransferFunctionScriptingTraits (0ms)
			SetupTypeCache (372ms)
			ReleaseScriptCaches (2ms)
			RebuildScriptCaches (93ms)
			SetupLoadedEditorAssemblies (476ms)
				LogAssemblyErrors (0ms)
				InitializePlatformSupportModulesInManaged (34ms)
				SetLoadedEditorAssemblies (1ms)
				RefreshPlugins (1ms)
				BeforeProcessingInitializeOnLoad (95ms)
				ProcessInitializeOnLoadAttributes (296ms)
				ProcessInitializeOnLoadMethodAttributes (47ms)
				AfterProcessingInitializeOnLoad (2ms)
				EditorAssembliesLoaded (0ms)
			ExecutionOrderSort2 (0ms)
			AwakeInstancesAfterBackupRestoration (4ms)
Platform modules already initialized, skipping
========================================================================
Worker process is ready to serve import requests
Launching external process: /Applications/Unity/Hub/Editor/2021.3.13f1/Unity.app/Contents/Tools/UnityShaderCompiler
Launched and connected shader compiler UnityShaderCompiler after 0.08 seconds
Refreshing native plugins compatible for Editor in 0.67 ms, found 2 plugins.
Preloading 0 native plugins for Editor in 0.00 ms.
Unloading 3727 Unused Serialized files (Serialized files now loaded: 0)
Unloading 34 unused Assets / (113.8 KB). Loaded Objects now: 4198.
Memory consumption went from 115.2 MB to 115.1 MB.
Total: 4.242595 ms (FindLiveObjects: 0.317427 ms CreateObjectMapping: 0.238823 ms MarkObjects: 3.510893 ms  DeleteObjects: 0.174635 ms)

AssetImportParameters requested are different than current active one (requested -> active):
  custom:video-decoder-ogg-theora: a1e56fd34408186e4bbccfd4996cb3dc -> 
  custom:container-muxer-webm: aa71ff27fc2769a1b78a27578f13a17b -> 
  custom:container-demuxer-webm: 4f35f7cbe854078d1ac9338744f61a02 -> 
  custom:video-encoder-webm-vp8: eb34c28f22e8b96e1ab97ce403110664 -> 
  custom:framework-osx-AVFoundation: e770b220cccbd017edd2c1fefb359320 -> 
  custom:audio-encoder-webm-vorbis: bf7c407c2cedff20999df2af8eb42d56 -> 
  custom:container-demuxer-ogg: 62fdf1f143b41e24485cea50d1cbac27 -> 
  custom:video-decoder-webm-vp8: 9c59270c3fd7afecdb556c50c9e8de78 -> 
  custom:audio-decoder-ogg-vorbis: bf7c407c2cedff20999df2af8eb42d56 -> 
========================================================================
Received Import Request.
  Time since last request: 92213.496215 seconds.
  path: Assets/Meshes/Vegetation/Trees/Tree_01/SM_tree_01_3.fbx
  artifactKey: Guid(2c3e25881d599bf4d89d0a649dc78a4d) Importer(815301076,1909f56bfc062723c751e8b465ee728b)
Start importing Assets/Meshes/Vegetation/Trees/Tree_01/SM_tree_01_3.fbx using Guid(2c3e25881d599bf4d89d0a649dc78a4d) Importer(815301076,1909f56bfc062723c751e8b465ee728b)  -> (artifact id: '089de5bb5e485f74b8ccfda55cb498a7') in 0.231628 seconds 
========================================================================
Received Prepare
Registering precompiled user dll's ...
Registered in 0.003050 seconds.
Begin MonoManager ReloadAssembly
Symbol file LoadedFromMemory doesn't match image /Users/mathewsin/Documents/GitRepository/tech-test/Library/PackageCache/com.unity.visualscripting@1.7.8/Editor/VisualScripting.Core/Dependencies/YamlDotNet/Unity.VisualScripting.YamlDotNet.dll
Symbol file LoadedFromMemory doesn't match image /Users/mathewsin/Documents/GitRepository/tech-test/Library/PackageCache/com.unity.visualscripting@1.7.8/Editor/VisualScripting.Core/Dependencies/DotNetZip/Unity.VisualScripting.IonicZip.dll
Native extension for iOS target not found
Native extension for Android target not found
Native extension for OSXStandalone target not found
Native extension for WebGL target not found
Refreshing native plugins compatible for Editor in 0.63 ms, found 2 plugins.
Preloading 0 native plugins for Editor in 0.00 ms.
Mono: successfully reloaded assembly
- Completed reload, in  1.335 seconds
Domain Reload Profiling:
	ReloadAssembly (1336ms)
		BeginReloadAssembly (152ms)
			ExecutionOrderSort (0ms)
			DisableScriptedObjects (8ms)
			BackupInstance (0ms)
			ReleaseScriptingObjects (0ms)
			CreateAndSetChildDomain (64ms)
		EndReloadAssembly (1079ms)
			LoadAssemblies (69ms)
			RebuildTransferFunctionScriptingTraits (0ms)
			SetupTypeCache (333ms)
			ReleaseScriptCaches (1ms)
			RebuildScriptCaches (68ms)
			SetupLoadedEditorAssemblies (534ms)
				LogAssemblyErrors (0ms)
				InitializePlatformSupportModulesInManaged (89ms)
				SetLoadedEditorAssemblies (1ms)
				RefreshPlugins (17ms)
				BeforeProcessingInitializeOnLoad (79ms)
				ProcessInitializeOnLoadAttributes (303ms)
				ProcessInitializeOnLoadMethodAttributes (42ms)
				AfterProcessingInitializeOnLoad (2ms)
				EditorAssembliesLoaded (0ms)
			ExecutionOrderSort2 (0ms)
			AwakeInstancesAfterBackupRestoration (4ms)
Platform modules already initialized, skipping
Refreshing native plugins compatible for Editor in 1.21 ms, found 2 plugins.
Preloading 0 native plugins for Editor in 0.00 ms.
Unloading 3347 Unused Serialized files (Serialized files now loaded: 0)
Unloading 188 unused Assets / (42.5 KB). Loaded Objects now: 4043.
Memory consumption went from 189.0 MB to 188.9 MB.
Total: 3.681998 ms (FindLiveObjects: 0.287138 ms CreateObjectMapping: 0.259550 ms MarkObjects: 3.027196 ms  DeleteObjects: 0.107356 ms)

AssetImportParameters requested are different than current active one (requested -> active):
  custom:video-decoder-ogg-theora: a1e56fd34408186e4bbccfd4996cb3dc -> 
  custom:container-muxer-webm: aa71ff27fc2769a1b78a27578f13a17b -> 
  custom:container-demuxer-webm: 4f35f7cbe854078d1ac9338744f61a02 -> 
  custom:video-encoder-webm-vp8: eb34c28f22e8b96e1ab97ce403110664 -> 
  custom:framework-osx-AVFoundation: e770b220cccbd017edd2c1fefb359320 -> 
  custom:audio-encoder-webm-vorbis: bf7c407c2cedff20999df2af8eb42d56 -> 
  custom:container-demuxer-ogg: 62fdf1f143b41e24485cea50d1cbac27 -> 
  custom:video-decoder-webm-vp8: 9c59270c3fd7afecdb556c50c9e8de78 -> 
  custom:audio-decoder-ogg-vorbis: bf7c407c2cedff20999df2af8eb42d56 -> 
========================================================================
Received Import Request.
  Time since last request: 10009.478044 seconds.
  path: Assets/Meshes/Vegetation/Trees/Tree_01/tree_01_3.prefab
  artifactKey: Guid(eac1a3ab4693ba34b907b62e565981ee) Importer(815301076,1909f56bfc062723c751e8b465ee728b)
Start importing Assets/Meshes/Vegetation/Trees/Tree_01/tree_01_3.prefab using Guid(eac1a3ab4693ba34b907b62e565981ee) Importer(815301076,1909f56bfc062723c751e8b465ee728b)  -> (artifact id: '1170ff213de2cd7f6593ea15dffac38b') in 0.166756 seconds 
========================================================================
Received Import Request.
  Time since last request: 107.661813 seconds.
  path: Assets/Scenes/TestScene 1/Lightmap-0_comp_dir.png
  artifactKey: Guid(a8a0fe1fc4e3140db947a34c21a96c1a) Importer(815301076,1909f56bfc062723c751e8b465ee728b)
Start importing Assets/Scenes/TestScene 1/Lightmap-0_comp_dir.png using Guid(a8a0fe1fc4e3140db947a34c21a96c1a) Importer(815301076,1909f56bfc062723c751e8b465ee728b)  -> (artifact id: '0f5d11b8ad7211bae150347b2f376a5d') in 2.126454 seconds 
========================================================================
Received Import Request.
  Time since last request: 0.000082 seconds.
  path: Assets/Scenes/TestScene 1/Lightmap-0_comp_light.exr
  artifactKey: Guid(804daf24785a049df8a7caeb3ebbfd22) Importer(815301076,1909f56bfc062723c751e8b465ee728b)
Start importing Assets/Scenes/TestScene 1/Lightmap-0_comp_light.exr using Guid(804daf24785a049df8a7caeb3ebbfd22) Importer(815301076,1909f56bfc062723c751e8b465ee728b)  -> (artifact id: '992fad43034521dda15deec34deb9438') in 0.213691 seconds 
========================================================================
Received Import Request.
  Time since last request: 25.749987 seconds.
  path: Assets/Scenes/TestScene 1/Lightmap-0_comp_light.exr
  artifactKey: Guid(804daf24785a049df8a7caeb3ebbfd22) Importer(815301076,1909f56bfc062723c751e8b465ee728b)
Start importing Assets/Scenes/TestScene 1/Lightmap-0_comp_light.exr using Guid(804daf24785a049df8a7caeb3ebbfd22) Importer(815301076,1909f56bfc062723c751e8b465ee728b)  -> (artifact id: 'd64cb1ba68de637b2c969b32549d79d6') in 0.007850 seconds 
========================================================================
Received Import Request.
  Time since last request: 0.000069 seconds.
  path: Assets/Scenes/TestScene 1/Lightmap-1_comp_dir.png
  artifactKey: Guid(3ea84c879cd7b4513a353e26e0835e44) Importer(815301076,1909f56bfc062723c751e8b465ee728b)
Start importing Assets/Scenes/TestScene 1/Lightmap-1_comp_dir.png using Guid(3ea84c879cd7b4513a353e26e0835e44) Importer(815301076,1909f56bfc062723c751e8b465ee728b)  -> (artifact id: '2e14c597c4710302070c8776710ac427') in 0.009608 seconds 
========================================================================
Received Import Request.
  Time since last request: 13.257919 seconds.
  path: Assets/Scenes/TestScene 1/Lightmap-0_comp_light.exr
  artifactKey: Guid(804daf24785a049df8a7caeb3ebbfd22) Importer(815301076,1909f56bfc062723c751e8b465ee728b)
Start importing Assets/Scenes/TestScene 1/Lightmap-0_comp_light.exr using Guid(804daf24785a049df8a7caeb3ebbfd22) Importer(815301076,1909f56bfc062723c751e8b465ee728b)  -> (artifact id: '1d667d36491e78af6a0ef7225a1887bd') in 0.006773 seconds 
========================================================================
Received Import Request.
  Time since last request: 0.000072 seconds.
  path: Assets/Scenes/TestScene 1/Lightmap-1_comp_dir.png
  artifactKey: Guid(3ea84c879cd7b4513a353e26e0835e44) Importer(815301076,1909f56bfc062723c751e8b465ee728b)
Start importing Assets/Scenes/TestScene 1/Lightmap-1_comp_dir.png using Guid(3ea84c879cd7b4513a353e26e0835e44) Importer(815301076,1909f56bfc062723c751e8b465ee728b)  -> (artifact id: '1c0e8ff2d84e558df584d47a9955df88') in 0.009221 seconds 
========================================================================
Received Import Request.
  Time since last request: 35.667094 seconds.
  path: Assets/Scenes/TestScene 1/Lightmap-0_comp_light.exr
  artifactKey: Guid(804daf24785a049df8a7caeb3ebbfd22) Importer(815301076,1909f56bfc062723c751e8b465ee728b)
Start importing Assets/Scenes/TestScene 1/Lightmap-0_comp_light.exr using Guid(804daf24785a049df8a7caeb3ebbfd22) Importer(815301076,1909f56bfc062723c751e8b465ee728b)  -> (artifact id: 'f10b0449b95219cccd8adb5c3850dbaf') in 0.007487 seconds 
========================================================================
Received Import Request.
  Time since last request: 10.609594 seconds.
  path: Assets/Scenes/TestScene 1/Lightmap-0_comp_light.exr
  artifactKey: Guid(804daf24785a049df8a7caeb3ebbfd22) Importer(815301076,1909f56bfc062723c751e8b465ee728b)
Start importing Assets/Scenes/TestScene 1/Lightmap-0_comp_light.exr using Guid(804daf24785a049df8a7caeb3ebbfd22) Importer(815301076,1909f56bfc062723c751e8b465ee728b)  -> (artifact id: '8ecf276f4a30289c4439509a0a367d92') in 0.008902 seconds 
========================================================================
Received Import Request.
  Time since last request: 23.823729 seconds.
  path: Assets/Scenes/TestScene 1/Lightmap-0_comp_light.exr
  artifactKey: Guid(804daf24785a049df8a7caeb3ebbfd22) Importer(815301076,1909f56bfc062723c751e8b465ee728b)
Start importing Assets/Scenes/TestScene 1/Lightmap-0_comp_light.exr using Guid(804daf24785a049df8a7caeb3ebbfd22) Importer(815301076,1909f56bfc062723c751e8b465ee728b)  -> (artifact id: 'ed59e956c46d245be08d89779bcca031') in 0.009173 seconds 
========================================================================
Received Import Request.
  Time since last request: 0.000091 seconds.
  path: Assets/Scenes/TestScene 1/Lightmap-1_comp_dir.png
  artifactKey: Guid(3ea84c879cd7b4513a353e26e0835e44) Importer(815301076,1909f56bfc062723c751e8b465ee728b)
Start importing Assets/Scenes/TestScene 1/Lightmap-1_comp_dir.png using Guid(3ea84c879cd7b4513a353e26e0835e44) Importer(815301076,1909f56bfc062723c751e8b465ee728b)  -> (artifact id: '5236f28833ee65894de66edd1e8d941c') in 0.008920 seconds 
========================================================================
Received Import Request.
  Time since last request: 1362.619348 seconds.
  path: Assets/Meshes/Vegetation/Trees/Tree_01/testing.fbx
  artifactKey: Guid(dd21e915689f54801b0ed3c08d57207a) Importer(815301076,1909f56bfc062723c751e8b465ee728b)
Start importing Assets/Meshes/Vegetation/Trees/Tree_01/testing.fbx using Guid(dd21e915689f54801b0ed3c08d57207a) Importer(815301076,1909f56bfc062723c751e8b465ee728b)  -> (artifact id: '849f3dfa093f756c5b7870f1c970cd29') in 0.624631 seconds 
========================================================================
Received Import Request.
  Time since last request: 323.085206 seconds.
  path: Assets/Scenes/TestScene 1/Lightmap-0_comp_dir.png
  artifactKey: Guid(a8a0fe1fc4e3140db947a34c21a96c1a) Importer(815301076,1909f56bfc062723c751e8b465ee728b)
Start importing Assets/Scenes/TestScene 1/Lightmap-0_comp_dir.png using Guid(a8a0fe1fc4e3140db947a34c21a96c1a) Importer(815301076,1909f56bfc062723c751e8b465ee728b)  -> (artifact id: 'f2578394818d507bc5d3aa20dcd97df0') in 0.009058 seconds 
========================================================================
Received Import Request.
  Time since last request: 63.964252 seconds.
  path: Assets/Scenes/TestScene 1/Lightmap-0_comp_dir.png
  artifactKey: Guid(a8a0fe1fc4e3140db947a34c21a96c1a) Importer(815301076,1909f56bfc062723c751e8b465ee728b)
Start importing Assets/Scenes/TestScene 1/Lightmap-0_comp_dir.png using Guid(a8a0fe1fc4e3140db947a34c21a96c1a) Importer(815301076,1909f56bfc062723c751e8b465ee728b)  -> (artifact id: '9a57d8f3df3a2d8ebf15243db6636101') in 0.009920 seconds 
========================================================================
Received Import Request.
  Time since last request: 43.200536 seconds.
  path: Assets/Scenes/TestScene 1/Lightmap-0_comp_dir.png
  artifactKey: Guid(a8a0fe1fc4e3140db947a34c21a96c1a) Importer(815301076,1909f56bfc062723c751e8b465ee728b)
Start importing Assets/Scenes/TestScene 1/Lightmap-0_comp_dir.png using Guid(a8a0fe1fc4e3140db947a34c21a96c1a) Importer(815301076,1909f56bfc062723c751e8b465ee728b)  -> (artifact id: '8c83a47ec01f1b3c2c85f9f0f24b7aa4') in 0.009613 seconds 
========================================================================
Received Import Request.
  Time since last request: 0.000074 seconds.
  path: Assets/Scenes/TestScene 1/Lightmap-1_comp_light.exr
  artifactKey: Guid(1bf8fd531a39742f8b7cdc256f48d273) Importer(815301076,1909f56bfc062723c751e8b465ee728b)
Start importing Assets/Scenes/TestScene 1/Lightmap-1_comp_light.exr using Guid(1bf8fd531a39742f8b7cdc256f48d273) Importer(815301076,1909f56bfc062723c751e8b465ee728b)  -> (artifact id: 'a06bfa4cc25383e72fbc841950747e41') in 0.020842 seconds 
========================================================================
Received Import Request.
  Time since last request: 38.575029 seconds.
  path: Assets/Scenes/TestScene 1/Lightmap-0_comp_dir.png
  artifactKey: Guid(a8a0fe1fc4e3140db947a34c21a96c1a) Importer(815301076,1909f56bfc062723c751e8b465ee728b)
Start importing Assets/Scenes/TestScene 1/Lightmap-0_comp_dir.png using Guid(a8a0fe1fc4e3140db947a34c21a96c1a) Importer(815301076,1909f56bfc062723c751e8b465ee728b)  -> (artifact id: 'e441f700655bfa9b1a7f6bd98424b97f') in 0.007082 seconds 
========================================================================
Received Import Request.
  Time since last request: 0.000076 seconds.
  path: Assets/Scenes/TestScene 1/Lightmap-1_comp_dir.png
  artifactKey: Guid(3ea84c879cd7b4513a353e26e0835e44) Importer(815301076,1909f56bfc062723c751e8b465ee728b)
Start importing Assets/Scenes/TestScene 1/Lightmap-1_comp_dir.png using Guid(3ea84c879cd7b4513a353e26e0835e44) Importer(815301076,1909f56bfc062723c751e8b465ee728b)  -> (artifact id: '589c1738c56b3aeeedfdfcc9f65a679b') in 0.007249 seconds 
========================================================================
Received Prepare
Registering precompiled user dll's ...
Registered in 0.003065 seconds.
Begin MonoManager ReloadAssembly
Symbol file LoadedFromMemory doesn't match image /Users/mathewsin/Documents/GitRepository/tech-test/Library/PackageCache/com.unity.visualscripting@1.7.8/Editor/VisualScripting.Core/Dependencies/YamlDotNet/Unity.VisualScripting.YamlDotNet.dll
Symbol file LoadedFromMemory doesn't match image /Users/mathewsin/Documents/GitRepository/tech-test/Library/PackageCache/com.unity.visualscripting@1.7.8/Editor/VisualScripting.Core/Dependencies/DotNetZip/Unity.VisualScripting.IonicZip.dll
Native extension for iOS target not found
Native extension for Android target not found
Native extension for OSXStandalone target not found
Native extension for WebGL target not found
Refreshing native plugins compatible for Editor in 0.53 ms, found 2 plugins.
Preloading 0 native plugins for Editor in 0.00 ms.
Mono: successfully reloaded assembly
- Completed reload, in  1.296 seconds
Domain Reload Profiling:
	ReloadAssembly (1297ms)
		BeginReloadAssembly (151ms)
			ExecutionOrderSort (0ms)
			DisableScriptedObjects (7ms)
			BackupInstance (0ms)
			ReleaseScriptingObjects (0ms)
			CreateAndSetChildDomain (66ms)
		EndReloadAssembly (1037ms)
			LoadAssemblies (68ms)
			RebuildTransferFunctionScriptingTraits (0ms)
			SetupTypeCache (319ms)
			ReleaseScriptCaches (1ms)
			RebuildScriptCaches (61ms)
			SetupLoadedEditorAssemblies (514ms)
				LogAssemblyErrors (0ms)
				InitializePlatformSupportModulesInManaged (84ms)
				SetLoadedEditorAssemblies (1ms)
				RefreshPlugins (1ms)
				BeforeProcessingInitializeOnLoad (67ms)
				ProcessInitializeOnLoadAttributes (304ms)
				ProcessInitializeOnLoadMethodAttributes (55ms)
				AfterProcessingInitializeOnLoad (2ms)
				EditorAssembliesLoaded (0ms)
			ExecutionOrderSort2 (0ms)
			AwakeInstancesAfterBackupRestoration (6ms)
Platform modules already initialized, skipping
Refreshing native plugins compatible for Editor in 1.41 ms, found 2 plugins.
Preloading 0 native plugins for Editor in 0.00 ms.
Unloading 3347 Unused Serialized files (Serialized files now loaded: 0)
Unloading 20 unused Assets / (42.6 KB). Loaded Objects now: 4051.
Memory consumption went from 422.1 MB to 422.1 MB.
Total: 3.556290 ms (FindLiveObjects: 0.267033 ms CreateObjectMapping: 0.202860 ms MarkObjects: 3.005737 ms  DeleteObjects: 0.079722 ms)

AssetImportParameters requested are different than current active one (requested -> active):
  custom:video-decoder-ogg-theora: a1e56fd34408186e4bbccfd4996cb3dc -> 
  custom:container-muxer-webm: aa71ff27fc2769a1b78a27578f13a17b -> 
  custom:container-demuxer-webm: 4f35f7cbe854078d1ac9338744f61a02 -> 
  custom:video-encoder-webm-vp8: eb34c28f22e8b96e1ab97ce403110664 -> 
  custom:framework-osx-AVFoundation: e770b220cccbd017edd2c1fefb359320 -> 
  custom:audio-encoder-webm-vorbis: bf7c407c2cedff20999df2af8eb42d56 -> 
  custom:container-demuxer-ogg: 62fdf1f143b41e24485cea50d1cbac27 -> 
  custom:video-decoder-webm-vp8: 9c59270c3fd7afecdb556c50c9e8de78 -> 
  custom:audio-decoder-ogg-vorbis: bf7c407c2cedff20999df2af8eb42d56 -> 
========================================================================
Received Import Request.
  Time since last request: 3895.577097 seconds.
  path: Assets/Meshes/Vegetation/Trees/Tree_01/testing.fbx
  artifactKey: Guid(dd21e915689f54801b0ed3c08d57207a) Importer(815301076,1909f56bfc062723c751e8b465ee728b)
Start importing Assets/Meshes/Vegetation/Trees/Tree_01/testing.fbx using Guid(dd21e915689f54801b0ed3c08d57207a) Importer(815301076,1909f56bfc062723c751e8b465ee728b)  -> (artifact id: 'f3f4bf1484a8711de10bad2292dc580f') in 0.159199 seconds 
========================================================================
Received Import Request.
  Time since last request: 50.460705 seconds.
  path: Assets/Meshes/Vegetation/Trees/Tree_01/branch-1-02.001 1.mat
  artifactKey: Guid(bbb7347eb532b4889bc2d9779f6e04c7) Importer(815301076,1909f56bfc062723c751e8b465ee728b)
Start importing Assets/Meshes/Vegetation/Trees/Tree_01/branch-1-02.001 1.mat using Guid(bbb7347eb532b4889bc2d9779f6e04c7) Importer(815301076,1909f56bfc062723c751e8b465ee728b)  -> (artifact id: '2562195a975cc56a3f2792b4265ee482') in 0.095181 seconds 
========================================================================
Received Import Request.
  Time since last request: 29.261914 seconds.
  path: Assets/Meshes/Vegetation/Trees/Tree_01/testing.fbx
  artifactKey: Guid(dd21e915689f54801b0ed3c08d57207a) Importer(815301076,1909f56bfc062723c751e8b465ee728b)
Start importing Assets/Meshes/Vegetation/Trees/Tree_01/testing.fbx using Guid(dd21e915689f54801b0ed3c08d57207a) Importer(815301076,1909f56bfc062723c751e8b465ee728b)  -> (artifact id: 'a9d5b33cb219d78a1a83563079df2f40') in 0.040084 seconds 
========================================================================
Received Import Request.
  Time since last request: 13.555041 seconds.
  path: Assets/Meshes/Vegetation/Trees/Tree_01/branch-1-02.001 1.mat
  artifactKey: Guid(bbb7347eb532b4889bc2d9779f6e04c7) Importer(815301076,1909f56bfc062723c751e8b465ee728b)
Start importing Assets/Meshes/Vegetation/Trees/Tree_01/branch-1-02.001 1.mat using Guid(bbb7347eb532b4889bc2d9779f6e04c7) Importer(815301076,1909f56bfc062723c751e8b465ee728b)  -> (artifact id: '38d5ed8df17efefdc8ee66dffe43aead') in 0.503864 seconds 
========================================================================
Received Import Request.
  Time since last request: 0.000063 seconds.
  path: Assets/Meshes/Vegetation/Trees/Tree_01/trunk-01.001 1.mat
  artifactKey: Guid(2d0e910a81fab4783b25159c7b638959) Importer(815301076,1909f56bfc062723c751e8b465ee728b)
Start importing Assets/Meshes/Vegetation/Trees/Tree_01/trunk-01.001 1.mat using Guid(2d0e910a81fab4783b25159c7b638959) Importer(815301076,1909f56bfc062723c751e8b465ee728b)  -> (artifact id: '1e4c3f7aff68abeade5895e0636fc009') in 0.009869 seconds 
========================================================================
Received Import Request.
  Time since last request: 28.783455 seconds.
  path: Assets/Meshes/Vegetation/Trees/Tree_01/testing.fbx
  artifactKey: Guid(dd21e915689f54801b0ed3c08d57207a) Importer(815301076,1909f56bfc062723c751e8b465ee728b)
Start importing Assets/Meshes/Vegetation/Trees/Tree_01/testing.fbx using Guid(dd21e915689f54801b0ed3c08d57207a) Importer(815301076,1909f56bfc062723c751e8b465ee728b)  -> (artifact id: '637a1727972f595941119330bd3981ac') in 0.031827 seconds 
========================================================================
Received Import Request.
  Time since last request: 19.414213 seconds.
  path: Assets/Meshes/Vegetation/Trees/Tree_01/branch-1-02.001 1.mat
  artifactKey: Guid(bbb7347eb532b4889bc2d9779f6e04c7) Importer(815301076,1909f56bfc062723c751e8b465ee728b)
Start importing Assets/Meshes/Vegetation/Trees/Tree_01/branch-1-02.001 1.mat using Guid(bbb7347eb532b4889bc2d9779f6e04c7) Importer(815301076,1909f56bfc062723c751e8b465ee728b)  -> (artifact id: '2ac66a3b819b2d77f89d8f8e90526c05') in 0.012327 seconds 
========================================================================
Received Import Request.
  Time since last request: 0.000065 seconds.
  path: Assets/Meshes/Vegetation/Trees/Tree_01/trunk-01.001 1.mat
  artifactKey: Guid(2d0e910a81fab4783b25159c7b638959) Importer(815301076,1909f56bfc062723c751e8b465ee728b)
Start importing Assets/Meshes/Vegetation/Trees/Tree_01/trunk-01.001 1.mat using Guid(2d0e910a81fab4783b25159c7b638959) Importer(815301076,1909f56bfc062723c751e8b465ee728b)  -> (artifact id: '35cd9bba6641a871e6cf4d71414493d9') in 0.346751 seconds 
========================================================================
Received Import Request.
  Time since last request: 17.871596 seconds.
  path: Assets/Scenes/TestScene 1/LightingData.asset
  artifactKey: Guid(2b62153bdca1946e7976c5087a9500d1) Importer(815301076,1909f56bfc062723c751e8b465ee728b)
Start importing Assets/Scenes/TestScene 1/LightingData.asset using Guid(2b62153bdca1946e7976c5087a9500d1) Importer(815301076,1909f56bfc062723c751e8b465ee728b)  -> (artifact id: 'a0ffd29aa25d43e7dd08b445861f5a6d') in 0.097128 seconds 
========================================================================
Received Import Request.
  Time since last request: 0.000105 seconds.
  path: Assets/Scenes/TestScene 1/Lightmap-2_comp_light.exr
  artifactKey: Guid(e24100e04d8674380b64042d361a83ba) Importer(815301076,1909f56bfc062723c751e8b465ee728b)
Start importing Assets/Scenes/TestScene 1/Lightmap-2_comp_light.exr using Guid(e24100e04d8674380b64042d361a83ba) Importer(815301076,1909f56bfc062723c751e8b465ee728b)  -> (artifact id: '10b80256947e79a23f41f2f48f6cc194') in 0.016385 seconds 
========================================================================
Received Import Request.
  Time since last request: 0.000068 seconds.
  path: Assets/Scenes/TestScene 1/Lightmap-0_comp_light.exr
  artifactKey: Guid(804daf24785a049df8a7caeb3ebbfd22) Importer(815301076,1909f56bfc062723c751e8b465ee728b)
Start importing Assets/Scenes/TestScene 1/Lightmap-0_comp_light.exr using Guid(804daf24785a049df8a7caeb3ebbfd22) Importer(815301076,1909f56bfc062723c751e8b465ee728b)  -> (artifact id: 'e6f720babc7029bc28d0ec1d12ecad88') in 0.007600 seconds 
========================================================================
Received Import Request.
  Time since last request: 0.000064 seconds.
  path: Assets/Scenes/TestScene 1/Lightmap-2_comp_dir.png
  artifactKey: Guid(b7d9e1931abfd4388b00151f31797b92) Importer(815301076,1909f56bfc062723c751e8b465ee728b)
Start importing Assets/Scenes/TestScene 1/Lightmap-2_comp_dir.png using Guid(b7d9e1931abfd4388b00151f31797b92) Importer(815301076,1909f56bfc062723c751e8b465ee728b)  -> (artifact id: '341180f23de08a108dbdc72ee4b64341') in 0.008802 seconds 
========================================================================
Received Import Request.
  Time since last request: 0.000091 seconds.
  path: Assets/Scenes/TestScene 1/Lightmap-1_comp_dir.png
  artifactKey: Guid(3ea84c879cd7b4513a353e26e0835e44) Importer(815301076,1909f56bfc062723c751e8b465ee728b)
Start importing Assets/Scenes/TestScene 1/Lightmap-1_comp_dir.png using Guid(3ea84c879cd7b4513a353e26e0835e44) Importer(815301076,1909f56bfc062723c751e8b465ee728b)  -> (artifact id: 'a70a03d12d415184e669c4c45afb52b4') in 0.006884 seconds 
========================================================================
Received Import Request.
  Time since last request: 41.473925 seconds.
  path: Assets/Scenes/TestScene 1/Lightmap-0_comp_light.exr
  artifactKey: Guid(804daf24785a049df8a7caeb3ebbfd22) Importer(815301076,1909f56bfc062723c751e8b465ee728b)
Start importing Assets/Scenes/TestScene 1/Lightmap-0_comp_light.exr using Guid(804daf24785a049df8a7caeb3ebbfd22) Importer(815301076,1909f56bfc062723c751e8b465ee728b)  -> (artifact id: 'e0bbd666be91099a6d40dda97ca38311') in 0.009315 seconds 
========================================================================
Received Import Request.
  Time since last request: 0.000064 seconds.
  path: Assets/Scenes/TestScene 1/Lightmap-2_comp_light.exr
  artifactKey: Guid(e24100e04d8674380b64042d361a83ba) Importer(815301076,1909f56bfc062723c751e8b465ee728b)
Start importing Assets/Scenes/TestScene 1/Lightmap-2_comp_light.exr using Guid(e24100e04d8674380b64042d361a83ba) Importer(815301076,1909f56bfc062723c751e8b465ee728b)  -> (artifact id: 'f0746b54224d84258c98adc97d7f91dc') in 0.008054 seconds 
========================================================================
Received Import Request.
  Time since last request: 0.000145 seconds.
  path: Assets/Scenes/TestScene 1/Lightmap-1_comp_light.exr
  artifactKey: Guid(1bf8fd531a39742f8b7cdc256f48d273) Importer(815301076,1909f56bfc062723c751e8b465ee728b)
Start importing Assets/Scenes/TestScene 1/Lightmap-1_comp_light.exr using Guid(1bf8fd531a39742f8b7cdc256f48d273) Importer(815301076,1909f56bfc062723c751e8b465ee728b)  -> (artifact id: 'b6802e048dc3514c6f2689da426ddcbb') in 0.008305 seconds 
========================================================================
Received Import Request.
  Time since last request: 50.258793 seconds.
  path: Assets/Scenes/TestScene 1/Lightmap-0_comp_dir.png
  artifactKey: Guid(a8a0fe1fc4e3140db947a34c21a96c1a) Importer(815301076,1909f56bfc062723c751e8b465ee728b)
Start importing Assets/Scenes/TestScene 1/Lightmap-0_comp_dir.png using Guid(a8a0fe1fc4e3140db947a34c21a96c1a) Importer(815301076,1909f56bfc062723c751e8b465ee728b)  -> (artifact id: '90fd35223df3c0743bbba0991902f03d') in 0.007665 seconds 
========================================================================
Received Import Request.
  Time since last request: 0.000101 seconds.
  path: Assets/Scenes/TestScene 1/Lightmap-2_comp_light.exr
  artifactKey: Guid(e24100e04d8674380b64042d361a83ba) Importer(815301076,1909f56bfc062723c751e8b465ee728b)
Start importing Assets/Scenes/TestScene 1/Lightmap-2_comp_light.exr using Guid(e24100e04d8674380b64042d361a83ba) Importer(815301076,1909f56bfc062723c751e8b465ee728b)  -> (artifact id: '5b9dc350d3b4d0f0052cbe14a754f44e') in 0.010433 seconds 
Editor requested this worker to shutdown with reason: Scaling down because of idle timeout
AssetImportWorker is now disconnected from the server
Process exiting
